
> pub-react-storybook@0.1.0 build-storybook
> storybook build --output-dir C:\Users\dnd001\AppData\Local\Temp\chromatic--18356-ctcK84SgFbK6

@storybook/cli v7.6.8

info => Cleaning outputDir: C:\Users\dnd001\AppData\Local\Temp\chromatic--18356-ctcK84SgFbK6
info => Loading presets
info => Building manager..
info => Manager built (167 ms)
info => Building preview..
info => Copying static files: C:\Users\dnd001\Documents\GitHub\pub-react-storybook\node_modules\@storybook\manager\static at C:\Users\dnd001\AppData\Local\Temp\chromatic--18356-ctcK84SgFbK6\sb-common-assets
WARN No story files found for the specified pattern: src\**\*.mdx
info Using SWC compiler
info Addon-docs: using MDX2
info => Loading Webpack configuration from `node_modules\react-scripts`
info => Removing existing JavaScript and TypeScript rules.
info => Modifying Create React App rules.
info => Using default Webpack5 setup
<s> [webpack.Progress] 0% 

<s> [webpack.Progress] 1% setup before run
<s> [webpack.Progress] 1% setup before run NodeEnvironmentPlugin
<s> [webpack.Progress] 1% setup before run
<s> [webpack.Progress] 2% setup run
<s> [webpack.Progress] 2% setup run ESLintWebpackPlugin_1
<s> [webpack.Progress] 2% setup run
<s> [webpack.Progress] 4% setup normal module factory
<s> [webpack.Progress] 4% setup normal module factory CaseSensitivePathsPlugin
<s> [webpack.Progress] 4% setup normal module factory ModuleNotFoundPlugin
<s> [webpack.Progress] 4% setup normal module factory IgnorePlugin
<s> [webpack.Progress] 4% setup normal module factory
<s> [webpack.Progress] 5% setup context module factory
<s> [webpack.Progress] 5% setup context module factory IgnorePlugin
<s> [webpack.Progress] 5% setup context module factory
<s> [webpack.Progress] 6% setup before compile
<s> [webpack.Progress] 6% setup before compile ProgressPlugin
<s> [webpack.Progress] 6% setup before compile
<s> [webpack.Progress] 7% setup compile
<s> [webpack.Progress] 7% setup compile ExternalsPlugin
<s> [webpack.Progress] 7% setup compile ExternalsPlugin
<s> [webpack.Progress] 7% setup compile
<s> [webpack.Progress] 8% setup compilation
<s> [webpack.Progress] 8% setup compilation unplugin-csf
<s> [webpack.Progress] 8% setup compilation mini-css-extract-plugin
<s> [webpack.Progress] 8% setup compilation ArrayPushCallbackChunkFormatPlugin
<s> [webpack.Progress] 8% setup compilation JsonpChunkLoadingPlugin
<s> [webpack.Progress] 8% setup compilation StartupChunkDependenciesPlugin
<s> [webpack.Progress] 8% setup compilation ImportScriptsChunkLoadingPlugin
<s> [webpack.Progress] 8% setup compilation FetchCompileWasmPlugin
<s> [webpack.Progress] 8% setup compilation FetchCompileAsyncWasmPlugin
<s> [webpack.Progress] 8% setup compilation WorkerPlugin
<s> [webpack.Progress] 8% setup compilation SplitChunksPlugin
<s> [webpack.Progress] 8% setup compilation RuntimeChunkPlugin
<s> [webpack.Progress] 8% setup compilation ResolverCachePlugin
<s> [webpack.Progress] 8% setup compilation HtmlWebpackPlugin
<s> [webpack.Progress] 8% setup compilation
<s> [webpack.Progress] 9% setup compilation
<s> [webpack.Progress] 9% setup compilation DefinePlugin
<s> [webpack.Progress] 9% setup compilation ProvidePlugin
<s> [webpack.Progress] 9% setup compilation ProgressPlugin
<s> [webpack.Progress] 9% setup compilation InlineChunkHtmlPlugin
<s> [webpack.Progress] 9% setup compilation InterpolateHtmlPlugin
<s> [webpack.Progress] 9% setup compilation mini-css-extract-plugin
<s> [webpack.Progress] 9% setup compilation DocGenPlugin
<s> [webpack.Progress] 9% setup compilation ChunkPrefetchPreloadPlugin
<s> [webpack.Progress] 9% setup compilation SourceMapDevToolPlugin
<s> [webpack.Progress] 9% setup compilation JavascriptModulesPlugin
<s> [webpack.Progress] 9% setup compilation JsonModulesPlugin
<s> [webpack.Progress] 9% setup compilation AssetModulesPlugin
<s> [webpack.Progress] 9% setup compilation EntryPlugin
<s> [webpack.Progress] 9% setup compilation RuntimePlugin
<s> [webpack.Progress] 9% setup compilation InferAsyncModulesPlugin
<s> [webpack.Progress] 9% setup compilation DataUriPlugin
<s> [webpack.Progress] 9% setup compilation FileUriPlugin
<s> [webpack.Progress] 9% setup compilation CompatibilityPlugin
<s> [webpack.Progress] 9% setup compilation HarmonyModulesPlugin
<s> [webpack.Progress] 9% setup compilation AMDPlugin
<s> [webpack.Progress] 9% setup compilation RequireJsStuffPlugin
<s> [webpack.Progress] 9% setup compilation CommonJsPlugin
<s> [webpack.Progress] 9% setup compilation LoaderPlugin
<s> [webpack.Progress] 9% setup compilation LoaderPlugin
<s> [webpack.Progress] 9% setup compilation NodeStuffPlugin
<s> [webpack.Progress] 9% setup compilation APIPlugin
<s> [webpack.Progress] 9% setup compilation ExportsInfoApiPlugin
<s> [webpack.Progress] 9% setup compilation WebpackIsIncludedPlugin
<s> [webpack.Progress] 9% setup compilation ConstPlugin
<s> [webpack.Progress] 9% setup compilation UseStrictPlugin
<s> [webpack.Progress] 9% setup compilation RequireIncludePlugin
<s> [webpack.Progress] 9% setup compilation RequireEnsurePlugin
<s> [webpack.Progress] 9% setup compilation RequireContextPlugin
<s> [webpack.Progress] 9% setup compilation ImportPlugin
<s> [webpack.Progress] 9% setup compilation ImportMetaContextPlugin
<s> [webpack.Progress] 9% setup compilation SystemPlugin
<s> [webpack.Progress] 9% setup compilation ImportMetaPlugin
<s> [webpack.Progress] 9% setup compilation URLPlugin
<s> [webpack.Progress] 9% setup compilation DefaultStatsFactoryPlugin
<s> [webpack.Progress] 9% setup compilation DefaultStatsPresetPlugin
<s> [webpack.Progress] 9% setup compilation DefaultStatsPrinterPlugin
<s> [webpack.Progress] 9% setup compilation JavascriptMetaInfoPlugin
<s> [webpack.Progress] 9% setup compilation EnsureChunkConditionsPlugin
<s> [webpack.Progress] 9% setup compilation RemoveEmptyChunksPlugin
<s> [webpack.Progress] 9% setup compilation MergeDuplicateChunksPlugin
<s> [webpack.Progress] 9% setup compilation FlagIncludedChunksPlugin
<s> [webpack.Progress] 9% setup compilation SideEffectsFlagPlugin
<s> [webpack.Progress] 9% setup compilation FlagDependencyExportsPlugin
<s> [webpack.Progress] 9% setup compilation FlagDependencyUsagePlugin
<s> [webpack.Progress] 9% setup compilation InnerGraphPlugin
<s> [webpack.Progress] 9% setup compilation MangleExportsPlugin
<s> [webpack.Progress] 9% setup compilation ModuleConcatenationPlugin
<s> [webpack.Progress] 9% setup compilation NoEmitOnErrorsPlugin
<s> [webpack.Progress] 9% setup compilation RealContentHashPlugin
<s> [webpack.Progress] 9% setup compilation WasmFinalizeExportsPlugin
<s> [webpack.Progress] 9% setup compilation NamedModuleIdsPlugin
<s> [webpack.Progress] 9% setup compilation DeterministicChunkIdsPlugin
<s> [webpack.Progress] 9% setup compilation DefinePlugin
<s> [webpack.Progress] 9% setup compilation TerserPlugin
<s> [webpack.Progress] 9% setup compilation TemplatedPathPlugin
<s> [webpack.Progress] 9% setup compilation RecordIdsPlugin
<s> [webpack.Progress] 9% setup compilation WarnCaseSensitiveModulesPlugin
<s> [webpack.Progress] 9% setup compilation IgnoreWarningsPlugin
<s> [webpack.Progress] 9% setup compilation ESLintWebpackPlugin_1
<s> [webpack.Progress] 9% setup compilation
<s> [webpack.Progress] 10% building
<s> [webpack.Progress] 10% building 0/1 entries 0/0 dependencies 0/0 modules
info => Copying static files: C:\Users\dnd001\Documents\GitHub\pub-react-storybook\public at C:\Users\dnd001\AppData\Local\Temp\chromatic--18356-ctcK84SgFbK6\
<s> [webpack.Progress] 10% building import loader ./node_modules/@storybook/preset-react-webpack/dist/loaders/react-docgen-loader.js
<s> [webpack.Progress] 10% building 0/1 entries 1/1 dependencies 0/1 modules
<s> [webpack.Progress] 19% building import loader ./node_modules/babel-loader/lib/index.js
<s> [webpack.Progress] 19% building import loader ./node_modules/source-map-loader/dist/cjs.js
<s> [webpack.Progress] 19% building 0/1 entries 18/18 dependencies 3/18 modules
<s> [webpack.Progress] 29% building import loader ./node_modules/@storybook/builder-webpack5/dist/loaders/export-order-loader.js
<s> [webpack.Progress] 29% building import loader ./node_modules/unplugin/dist/webpack/loaders/transform.js
<s> [webpack.Progress] 29% building 0/1 entries 119/129 dependencies 24/68 modules
<s> [webpack.Progress] 30% building 0/1 entries 182/199 dependencies 41/111 modules
<s> [webpack.Progress] 35% building 0/1 entries 200/237 dependencies 56/121 modules
<s> [webpack.Progress] 35% building import loader ./node_modules/mini-css-extract-plugin/dist/loader.js
<s> [webpack.Progress] 35% building import loader ./node_modules/react-scripts/node_modules/css-loader/dist/cjs.js
<s> [webpack.Progress] 35% building import loader ./node_modules/postcss-loader/dist/cjs.js
<s> [webpack.Progress] 35% building 0/1 entries 353/396 dependencies 85/180 modules
<s> [webpack.Progress] 35% building import loader ./node_modules/resolve-url-loader/index.js
<s> [webpack.Progress] 35% building import loader ./node_modules/react-scripts/node_modules/sass-loader/dist/cjs.js
<s> [webpack.Progress] 35% building 0/1 entries 353/402 dependencies 85/180 modules
[0;33mOne of your dependencies, babel-preset-react-app, is importing the
"@babel/plugin-proposal-private-property-in-object" package without
declaring it in its dependencies. This is currently working because
"@babel/plugin-proposal-private-property-in-object" is already in your
node_modules folder for unrelated reasons, but it [1mmay break at any time[0;33m.

babel-preset-react-app is part of the create-react-app project, [1mwhich
is not maintianed anymore[0;33m. It is thus unlikely that this bug will
ever be fixed. Add "@babel/plugin-proposal-private-property-in-object" to
your devDependencies to work around this error. This will make this message
go away.[0m
  
<s> [webpack.Progress] 32% building 0/1 entries 440/500 dependencies 98/241 modules
<s> [webpack.Progress] 49% building 0/1 entries 900/938 dependencies 288/402 modules
<s> [webpack.Progress] 65% building 1/1 entries 1298/1298 dependencies 528/528 modules
<s> [webpack.Progress] 65% building
<s> [webpack.Progress] 69% building finish
<s> [webpack.Progress] 69% building finish
<s> [webpack.Progress] 70% sealing finish module graph
<s> [webpack.Progress] 70% sealing finish module graph ResolverCachePlugin
<s> [webpack.Progress] 70% sealing finish module graph InferAsyncModulesPlugin
<s> [webpack.Progress] 70% sealing finish module graph FlagDependencyExportsPlugin
<s> [webpack.Progress] 70% sealing finish module graph InnerGraphPlugin
<s> [webpack.Progress] 70% sealing finish module graph WasmFinalizeExportsPlugin
<s> [webpack.Progress] 70% sealing finish module graph ESLintWebpackPlugin_1
<s> [webpack.Progress] 70% sealing finish module graph
<s> [webpack.Progress] 70% sealing plugins
<s> [webpack.Progress] 70% sealing plugins DocGenPlugin
<s> [webpack.Progress] 70% sealing plugins WarnCaseSensitiveModulesPlugin
<s> [webpack.Progress] 70% sealing plugins
<s> [webpack.Progress] 71% sealing dependencies optimization
<s> [webpack.Progress] 71% sealing dependencies optimization SideEffectsFlagPlugin
<s> [webpack.Progress] 71% sealing dependencies optimization FlagDependencyUsagePlugin
<s> [webpack.Progress] 71% sealing dependencies optimization
<s> [webpack.Progress] 71% sealing after dependencies optimization
<s> [webpack.Progress] 71% sealing after dependencies optimization
<s> [webpack.Progress] 72% sealing chunk graph
<s> [webpack.Progress] 72% sealing chunk graph
<s> [webpack.Progress] 73% sealing after chunk graph
<s> [webpack.Progress] 73% sealing after chunk graph
<s> [webpack.Progress] 73% sealing optimizing
<s> [webpack.Progress] 73% sealing optimizing
<s> [webpack.Progress] 74% sealing module optimization
<s> [webpack.Progress] 74% sealing module optimization
<s> [webpack.Progress] 75% sealing after module optimization
<s> [webpack.Progress] 75% sealing after module optimization
<s> [webpack.Progress] 75% sealing chunk optimization
<s> [webpack.Progress] 75% sealing chunk optimization EnsureChunkConditionsPlugin
<s> [webpack.Progress] 75% sealing chunk optimization RemoveEmptyChunksPlugin
<s> [webpack.Progress] 75% sealing chunk optimization MergeDuplicateChunksPlugin
<s> [webpack.Progress] 75% sealing chunk optimization SplitChunksPlugin
<s> [webpack.Progress] 75% sealing chunk optimization RemoveEmptyChunksPlugin
<s> [webpack.Progress] 75% sealing chunk optimization
<s> [webpack.Progress] 76% sealing after chunk optimization
<s> [webpack.Progress] 76% sealing after chunk optimization
<s> [webpack.Progress] 77% sealing module and chunk tree optimization
<s> [webpack.Progress] 77% sealing module and chunk tree optimization PersistentChildCompilerSingletonPlugin
<s> [webpack.Progress] 77% sealing module and chunk tree optimization
<s> [webpack.Progress] 77% sealing after module and chunk tree optimization
<s> [webpack.Progress] 77% sealing after module and chunk tree optimization
<s> [webpack.Progress] 78% sealing chunk modules optimization
<s> [webpack.Progress] 78% sealing chunk modules optimization ModuleConcatenationPlugin
<s> [webpack.Progress] 78% sealing chunk modules optimization
<s> [webpack.Progress] 78% sealing after chunk modules optimization
<s> [webpack.Progress] 78% sealing after chunk modules optimization
<s> [webpack.Progress] 79% sealing module reviving
<s> [webpack.Progress] 79% sealing module reviving RecordIdsPlugin
<s> [webpack.Progress] 79% sealing module reviving
<s> [webpack.Progress] 80% sealing before module ids
<s> [webpack.Progress] 80% sealing before module ids
<s> [webpack.Progress] 80% sealing module ids
<s> [webpack.Progress] 80% sealing module ids NamedModuleIdsPlugin
<s> [webpack.Progress] 80% sealing module ids
<s> [webpack.Progress] 81% sealing module id optimization
<s> [webpack.Progress] 81% sealing module id optimization
<s> [webpack.Progress] 82% sealing module id optimization
<s> [webpack.Progress] 82% sealing module id optimization
<s> [webpack.Progress] 82% sealing chunk reviving
<s> [webpack.Progress] 82% sealing chunk reviving RecordIdsPlugin
<s> [webpack.Progress] 82% sealing chunk reviving
<s> [webpack.Progress] 83% sealing before chunk ids
<s> [webpack.Progress] 83% sealing before chunk ids
<s> [webpack.Progress] 84% sealing chunk ids
<s> [webpack.Progress] 84% sealing chunk ids DeterministicChunkIdsPlugin
<s> [webpack.Progress] 84% sealing chunk ids
<s> [webpack.Progress] 84% sealing chunk id optimization
<s> [webpack.Progress] 84% sealing chunk id optimization FlagIncludedChunksPlugin
<s> [webpack.Progress] 84% sealing chunk id optimization
<s> [webpack.Progress] 85% sealing after chunk id optimization
<s> [webpack.Progress] 85% sealing after chunk id optimization
<s> [webpack.Progress] 86% sealing record modules
<s> [webpack.Progress] 86% sealing record modules RecordIdsPlugin
<s> [webpack.Progress] 86% sealing record modules
<s> [webpack.Progress] 86% sealing record chunks
<s> [webpack.Progress] 86% sealing record chunks RecordIdsPlugin
<s> [webpack.Progress] 86% sealing record chunks
<s> [webpack.Progress] 87% sealing module hashing
<s> [webpack.Progress] 87% sealing module hashing
<s> [webpack.Progress] 87% sealing code generation
<s> [webpack.Progress] 87% sealing code generation
<s> [webpack.Progress] 88% sealing runtime requirements
<s> [webpack.Progress] 88% sealing runtime requirements
<s> [webpack.Progress] 89% sealing hashing
<s> [webpack.Progress] 89% sealing hashing
<s> [webpack.Progress] 89% sealing after hashing
<s> [webpack.Progress] 89% sealing after hashing
<s> [webpack.Progress] 90% sealing record hash
<s> [webpack.Progress] 90% sealing record hash
<s> [webpack.Progress] 91% sealing module assets processing
<s> [webpack.Progress] 91% sealing module assets processing
<s> [webpack.Progress] 91% sealing chunk assets processing
<s> [webpack.Progress] 91% sealing chunk assets processing
<s> [webpack.Progress] 92% sealing asset processing
<s> [webpack.Progress] 92% sealing asset processing ESLintWebpackPlugin_1
<s> [webpack.Progress] 92% sealing asset processing PersistentChildCompilerSingletonPlugin
<s> [webpack.Progress] 92% sealing asset processing TerserPlugin
<s> [webpack.Progress] 92% sealing asset processing SourceMapDevToolPlugin
<s> [webpack.Progress] 92% sealing asset processing SourceMapDevToolPlugin
<s> [webpack.Progress] 92% sealing asset processing SourceMapDevToolPlugin main.19bd0301.iframe.bundle.js generate SourceMap
<s> [webpack.Progress] 92% sealing asset processing SourceMapDevToolPlugin main.19bd0301.iframe.bundle.js generated SourceMap
<s> [webpack.Progress] 92% sealing asset processing SourceMapDevToolPlugin runtime~main.458e34bf.iframe.bundle.js generate SourceMap
<s> [webpack.Progress] 92% sealing asset processing SourceMapDevToolPlugin runtime~main.458e34bf.iframe.bundle.js generated SourceMap
<s> [webpack.Progress] 92% sealing asset processing SourceMapDevToolPlugin static/css/stories-base-Accordion-stories.88309a04.chunk.css generate SourceMap
<s> [webpack.Progress] 92% sealing asset processing SourceMapDevToolPlugin static/css/stories-base-Accordion-stories.88309a04.chunk.css generated SourceMap
<s> [webpack.Progress] 92% sealing asset processing SourceMapDevToolPlugin stories-base-Accordion-stories.d53c0ea7.iframe.bundle.js generate SourceMap
<s> [webpack.Progress] 92% sealing asset processing SourceMapDevToolPlugin stories-base-Accordion-stories.d53c0ea7.iframe.bundle.js generated SourceMap
<s> [webpack.Progress] 92% sealing asset processing SourceMapDevToolPlugin static/css/stories-base-Button-stories.3c85df9e.chunk.css generate SourceMap
<s> [webpack.Progress] 92% sealing asset processing SourceMapDevToolPlugin static/css/stories-base-Button-stories.3c85df9e.chunk.css generated SourceMap
<s> [webpack.Progress] 92% sealing asset processing SourceMapDevToolPlugin stories-base-Button-stories.2423ab77.iframe.bundle.js generate SourceMap
<s> [webpack.Progress] 92% sealing asset processing SourceMapDevToolPlugin stories-base-Button-stories.2423ab77.iframe.bundle.js generated SourceMap
<s> [webpack.Progress] 92% sealing asset processing SourceMapDevToolPlugin stories-base-CheckBox-stories.13ada97f.iframe.bundle.js generate SourceMap
<s> [webpack.Progress] 92% sealing asset processing SourceMapDevToolPlugin stories-base-CheckBox-stories.13ada97f.iframe.bundle.js generated SourceMap
<s> [webpack.Progress] 92% sealing asset processing SourceMapDevToolPlugin stories-base-InputBox-stories.1ac7d84b.iframe.bundle.js generate SourceMap
<s> [webpack.Progress] 92% sealing asset processing SourceMapDevToolPlugin stories-base-InputBox-stories.1ac7d84b.iframe.bundle.js generated SourceMap
<s> [webpack.Progress] 92% sealing asset processing SourceMapDevToolPlugin static/css/stories-base-Popup-stories.1a3607e4.chunk.css generate SourceMap
<s> [webpack.Progress] 92% sealing asset processing SourceMapDevToolPlugin static/css/stories-base-Popup-stories.1a3607e4.chunk.css generated SourceMap
<s> [webpack.Progress] 92% sealing asset processing SourceMapDevToolPlugin stories-base-Popup-stories.28bc5529.iframe.bundle.js generate SourceMap
<s> [webpack.Progress] 92% sealing asset processing SourceMapDevToolPlugin stories-base-Popup-stories.28bc5529.iframe.bundle.js generated SourceMap
<s> [webpack.Progress] 92% sealing asset processing SourceMapDevToolPlugin stories-base-Rdochk-stories.f9d009c1.iframe.bundle.js generate SourceMap
<s> [webpack.Progress] 92% sealing asset processing SourceMapDevToolPlugin stories-base-Rdochk-stories.f9d009c1.iframe.bundle.js generated SourceMap
<s> [webpack.Progress] 92% sealing asset processing SourceMapDevToolPlugin static/css/stories-base-Select-stories.4cb07286.chunk.css generate SourceMap
<s> [webpack.Progress] 92% sealing asset processing SourceMapDevToolPlugin static/css/stories-base-Select-stories.4cb07286.chunk.css generated SourceMap
<s> [webpack.Progress] 92% sealing asset processing SourceMapDevToolPlugin stories-base-Select-stories.a27c4a1a.iframe.bundle.js generate SourceMap
<s> [webpack.Progress] 92% sealing asset processing SourceMapDevToolPlugin stories-base-Select-stories.a27c4a1a.iframe.bundle.js generated SourceMap
<s> [webpack.Progress] 92% sealing asset processing SourceMapDevToolPlugin static/css/stories-base-Swiper-stories.b16f040a.chunk.css generate SourceMap
<s> [webpack.Progress] 92% sealing asset processing SourceMapDevToolPlugin static/css/stories-base-Swiper-stories.b16f040a.chunk.css generated SourceMap
<s> [webpack.Progress] 92% sealing asset processing SourceMapDevToolPlugin stories-base-Swiper-stories.dab2fb17.iframe.bundle.js generate SourceMap
<s> [webpack.Progress] 92% sealing asset processing SourceMapDevToolPlugin stories-base-Swiper-stories.dab2fb17.iframe.bundle.js generated SourceMap
<s> [webpack.Progress] 92% sealing asset processing SourceMapDevToolPlugin static/css/stories-base-TabMenu-stories.5bbe5433.chunk.css generate SourceMap
<s> [webpack.Progress] 92% sealing asset processing SourceMapDevToolPlugin static/css/stories-base-TabMenu-stories.5bbe5433.chunk.css generated SourceMap
<s> [webpack.Progress] 92% sealing asset processing SourceMapDevToolPlugin stories-base-TabMenu-stories.a744edb1.iframe.bundle.js generate SourceMap
<s> [webpack.Progress] 92% sealing asset processing SourceMapDevToolPlugin stories-base-TabMenu-stories.a744edb1.iframe.bundle.js generated SourceMap
<s> [webpack.Progress] 92% sealing asset processing SourceMapDevToolPlugin stories-base-Tbl-stories.2745e878.iframe.bundle.js generate SourceMap
<s> [webpack.Progress] 92% sealing asset processing SourceMapDevToolPlugin stories-base-Tbl-stories.2745e878.iframe.bundle.js generated SourceMap
<s> [webpack.Progress] 92% sealing asset processing SourceMapDevToolPlugin stories-base-Title-stories.db86da36.iframe.bundle.js generate SourceMap
<s> [webpack.Progress] 92% sealing asset processing SourceMapDevToolPlugin stories-base-Title-stories.db86da36.iframe.bundle.js generated SourceMap
<s> [webpack.Progress] 92% sealing asset processing SourceMapDevToolPlugin stories-base-Tooltip-stories.f994cd4d.iframe.bundle.js generate SourceMap
<s> [webpack.Progress] 92% sealing asset processing SourceMapDevToolPlugin stories-base-Tooltip-stories.f994cd4d.iframe.bundle.js generated SourceMap
<s> [webpack.Progress] 92% sealing asset processing SourceMapDevToolPlugin 312.430a6332.iframe.bundle.js generate SourceMap
<s> [webpack.Progress] 92% sealing asset processing SourceMapDevToolPlugin 312.430a6332.iframe.bundle.js generated SourceMap
<s> [webpack.Progress] 92% sealing asset processing SourceMapDevToolPlugin 341.cb413540.iframe.bundle.js generate SourceMap
<s> [webpack.Progress] 92% sealing asset processing SourceMapDevToolPlugin 341.cb413540.iframe.bundle.js generated SourceMap
<s> [webpack.Progress] 92% sealing asset processing SourceMapDevToolPlugin 729.6e191f3d.iframe.bundle.js generate SourceMap
<s> [webpack.Progress] 92% sealing asset processing SourceMapDevToolPlugin 729.6e191f3d.iframe.bundle.js generated SourceMap
<s> [webpack.Progress] 92% sealing asset processing SourceMapDevToolPlugin 797.008fbc50.iframe.bundle.js generate SourceMap
<s> [webpack.Progress] 92% sealing asset processing SourceMapDevToolPlugin 797.008fbc50.iframe.bundle.js generated SourceMap
<s> [webpack.Progress] 92% sealing asset processing SourceMapDevToolPlugin 426.344a10d7.iframe.bundle.js generate SourceMap
<s> [webpack.Progress] 92% sealing asset processing SourceMapDevToolPlugin 426.344a10d7.iframe.bundle.js generated SourceMap
<s> [webpack.Progress] 92% sealing asset processing SourceMapDevToolPlugin 607.bcf9116c.iframe.bundle.js generate SourceMap
<s> [webpack.Progress] 92% sealing asset processing SourceMapDevToolPlugin 607.bcf9116c.iframe.bundle.js generated SourceMap
<s> [webpack.Progress] 92% sealing asset processing SourceMapDevToolPlugin 132.18f73515.iframe.bundle.js generate SourceMap
<s> [webpack.Progress] 92% sealing asset processing SourceMapDevToolPlugin 132.18f73515.iframe.bundle.js generated SourceMap
<s> [webpack.Progress] 92% sealing asset processing SourceMapDevToolPlugin 350.a1967f22.iframe.bundle.js generate SourceMap
<s> [webpack.Progress] 92% sealing asset processing SourceMapDevToolPlugin 350.a1967f22.iframe.bundle.js generated SourceMap
<s> [webpack.Progress] 92% sealing asset processing SourceMapDevToolPlugin 563.b1043713.iframe.bundle.js generate SourceMap
<s> [webpack.Progress] 92% sealing asset processing SourceMapDevToolPlugin 563.b1043713.iframe.bundle.js generated SourceMap
<s> [webpack.Progress] 92% sealing asset processing SourceMapDevToolPlugin static/css/922.58659363.chunk.css generate SourceMap
<s> [webpack.Progress] 92% sealing asset processing SourceMapDevToolPlugin static/css/922.58659363.chunk.css generated SourceMap
<s> [webpack.Progress] 92% sealing asset processing SourceMapDevToolPlugin static/css/427.c09add59.chunk.css generate SourceMap
<s> [webpack.Progress] 92% sealing asset processing SourceMapDevToolPlugin static/css/427.c09add59.chunk.css generated SourceMap
<s> [webpack.Progress] 92% sealing asset processing SourceMapDevToolPlugin resolve sources
<s> [webpack.Progress] 92% sealing asset processing SourceMapDevToolPlugin static/css/stories-base-Accordion-stories.88309a04.chunk.css attach SourceMap
<s> [webpack.Progress] 92% sealing asset processing SourceMapDevToolPlugin static/css/stories-base-Accordion-stories.88309a04.chunk.css attached SourceMap
<s> [webpack.Progress] 92% sealing asset processing SourceMapDevToolPlugin stories-base-Accordion-stories.d53c0ea7.iframe.bundle.js attach SourceMap
<s> [webpack.Progress] 92% sealing asset processing SourceMapDevToolPlugin stories-base-Accordion-stories.d53c0ea7.iframe.bundle.js attached SourceMap
<s> [webpack.Progress] 92% sealing asset processing SourceMapDevToolPlugin static/css/stories-base-Button-stories.3c85df9e.chunk.css attach SourceMap
<s> [webpack.Progress] 92% sealing asset processing SourceMapDevToolPlugin static/css/stories-base-Button-stories.3c85df9e.chunk.css attached SourceMap
<s> [webpack.Progress] 92% sealing asset processing SourceMapDevToolPlugin stories-base-Button-stories.2423ab77.iframe.bundle.js attach SourceMap
<s> [webpack.Progress] 92% sealing asset processing SourceMapDevToolPlugin stories-base-Button-stories.2423ab77.iframe.bundle.js attached SourceMap
<s> [webpack.Progress] 92% sealing asset processing SourceMapDevToolPlugin stories-base-CheckBox-stories.13ada97f.iframe.bundle.js attach SourceMap
<s> [webpack.Progress] 92% sealing asset processing SourceMapDevToolPlugin stories-base-CheckBox-stories.13ada97f.iframe.bundle.js attached SourceMap
<s> [webpack.Progress] 92% sealing asset processing SourceMapDevToolPlugin stories-base-InputBox-stories.1ac7d84b.iframe.bundle.js attach SourceMap
<s> [webpack.Progress] 92% sealing asset processing SourceMapDevToolPlugin stories-base-InputBox-stories.1ac7d84b.iframe.bundle.js attached SourceMap
<s> [webpack.Progress] 92% sealing asset processing SourceMapDevToolPlugin static/css/stories-base-Popup-stories.1a3607e4.chunk.css attach SourceMap
<s> [webpack.Progress] 92% sealing asset processing SourceMapDevToolPlugin static/css/stories-base-Popup-stories.1a3607e4.chunk.css attached SourceMap
<s> [webpack.Progress] 92% sealing asset processing SourceMapDevToolPlugin stories-base-Popup-stories.28bc5529.iframe.bundle.js attach SourceMap
<s> [webpack.Progress] 92% sealing asset processing SourceMapDevToolPlugin stories-base-Popup-stories.28bc5529.iframe.bundle.js attached SourceMap
<s> [webpack.Progress] 92% sealing asset processing SourceMapDevToolPlugin stories-base-Rdochk-stories.f9d009c1.iframe.bundle.js attach SourceMap
<s> [webpack.Progress] 92% sealing asset processing SourceMapDevToolPlugin stories-base-Rdochk-stories.f9d009c1.iframe.bundle.js attached SourceMap
<s> [webpack.Progress] 92% sealing asset processing SourceMapDevToolPlugin static/css/stories-base-Select-stories.4cb07286.chunk.css attach SourceMap
<s> [webpack.Progress] 92% sealing asset processing SourceMapDevToolPlugin static/css/stories-base-Select-stories.4cb07286.chunk.css attached SourceMap
<s> [webpack.Progress] 92% sealing asset processing SourceMapDevToolPlugin stories-base-Select-stories.a27c4a1a.iframe.bundle.js attach SourceMap
<s> [webpack.Progress] 92% sealing asset processing SourceMapDevToolPlugin stories-base-Select-stories.a27c4a1a.iframe.bundle.js attached SourceMap
<s> [webpack.Progress] 92% sealing asset processing SourceMapDevToolPlugin static/css/stories-base-Swiper-stories.b16f040a.chunk.css attach SourceMap
<s> [webpack.Progress] 92% sealing asset processing SourceMapDevToolPlugin static/css/stories-base-Swiper-stories.b16f040a.chunk.css attached SourceMap
<s> [webpack.Progress] 92% sealing asset processing SourceMapDevToolPlugin static/css/stories-base-TabMenu-stories.5bbe5433.chunk.css attach SourceMap
<s> [webpack.Progress] 92% sealing asset processing SourceMapDevToolPlugin static/css/stories-base-TabMenu-stories.5bbe5433.chunk.css attached SourceMap
<s> [webpack.Progress] 92% sealing asset processing SourceMapDevToolPlugin stories-base-TabMenu-stories.a744edb1.iframe.bundle.js attach SourceMap
<s> [webpack.Progress] 92% sealing asset processing SourceMapDevToolPlugin stories-base-TabMenu-stories.a744edb1.iframe.bundle.js attached SourceMap
<s> [webpack.Progress] 92% sealing asset processing SourceMapDevToolPlugin stories-base-Tbl-stories.2745e878.iframe.bundle.js attach SourceMap
<s> [webpack.Progress] 92% sealing asset processing SourceMapDevToolPlugin stories-base-Tbl-stories.2745e878.iframe.bundle.js attached SourceMap
<s> [webpack.Progress] 92% sealing asset processing SourceMapDevToolPlugin stories-base-Title-stories.db86da36.iframe.bundle.js attach SourceMap
<s> [webpack.Progress] 92% sealing asset processing SourceMapDevToolPlugin stories-base-Title-stories.db86da36.iframe.bundle.js attached SourceMap
<s> [webpack.Progress] 92% sealing asset processing SourceMapDevToolPlugin stories-base-Tooltip-stories.f994cd4d.iframe.bundle.js attach SourceMap
<s> [webpack.Progress] 92% sealing asset processing SourceMapDevToolPlugin stories-base-Tooltip-stories.f994cd4d.iframe.bundle.js attached SourceMap
<s> [webpack.Progress] 92% sealing asset processing SourceMapDevToolPlugin 426.344a10d7.iframe.bundle.js attach SourceMap
<s> [webpack.Progress] 92% sealing asset processing SourceMapDevToolPlugin 426.344a10d7.iframe.bundle.js attached SourceMap
<s> [webpack.Progress] 92% sealing asset processing SourceMapDevToolPlugin 132.18f73515.iframe.bundle.js attach SourceMap
<s> [webpack.Progress] 92% sealing asset processing SourceMapDevToolPlugin 132.18f73515.iframe.bundle.js attached SourceMap
<s> [webpack.Progress] 92% sealing asset processing SourceMapDevToolPlugin 350.a1967f22.iframe.bundle.js attach SourceMap
<s> [webpack.Progress] 92% sealing asset processing SourceMapDevToolPlugin 350.a1967f22.iframe.bundle.js attached SourceMap
<s> [webpack.Progress] 92% sealing asset processing SourceMapDevToolPlugin 563.b1043713.iframe.bundle.js attach SourceMap
<s> [webpack.Progress] 92% sealing asset processing SourceMapDevToolPlugin 563.b1043713.iframe.bundle.js attached SourceMap
<s> [webpack.Progress] 92% sealing asset processing SourceMapDevToolPlugin static/css/922.58659363.chunk.css attach SourceMap
<s> [webpack.Progress] 92% sealing asset processing SourceMapDevToolPlugin static/css/922.58659363.chunk.css attached SourceMap
<s> [webpack.Progress] 92% sealing asset processing SourceMapDevToolPlugin static/css/427.c09add59.chunk.css attach SourceMap
<s> [webpack.Progress] 92% sealing asset processing SourceMapDevToolPlugin static/css/427.c09add59.chunk.css attached SourceMap
<s> [webpack.Progress] 92% sealing asset processing SourceMapDevToolPlugin
<s> [webpack.Progress] 92% sealing asset processing SourceMapDevToolPlugin
<s> [webpack.Progress] 92% sealing asset processing SourceMapDevToolPlugin resolve sources
<s> [webpack.Progress] 92% sealing asset processing SourceMapDevToolPlugin
<s> [webpack.Progress] 92% sealing asset processing HtmlWebpackPlugin
<s> [webpack.Progress] 92% sealing asset processing HtmlWebpackPlugin
<s> [webpack.Progress] 92% sealing asset processing HtmlWebpackPlugin resolve sources
<s> [webpack.Progress] 92% sealing asset processing HtmlWebpackPlugin
<s> [webpack.Progress] 92% sealing asset processing RealContentHashPlugin
<s> [webpack.Progress] 92% sealing asset processing RealContentHashPlugin
<s> [webpack.Progress] 92% sealing asset processing RealContentHashPlugin main.7af38d13.iframe.bundle.js generate SourceMap
<s> [webpack.Progress] 92% sealing asset processing RealContentHashPlugin main.7af38d13.iframe.bundle.js generated SourceMap
<s> [webpack.Progress] 92% sealing asset processing RealContentHashPlugin runtime~main.cdc02bf5.iframe.bundle.js generate SourceMap
<s> [webpack.Progress] 92% sealing asset processing RealContentHashPlugin runtime~main.cdc02bf5.iframe.bundle.js generated SourceMap
<s> [webpack.Progress] 92% sealing asset processing RealContentHashPlugin stories-base-Swiper-stories.cb499cf9.iframe.bundle.js generate SourceMap
<s> [webpack.Progress] 92% sealing asset processing RealContentHashPlugin stories-base-Swiper-stories.cb499cf9.iframe.bundle.js generated SourceMap
<s> [webpack.Progress] 92% sealing asset processing RealContentHashPlugin 312.e8eefec1.iframe.bundle.js generate SourceMap
<s> [webpack.Progress] 92% sealing asset processing RealContentHashPlugin 312.e8eefec1.iframe.bundle.js generated SourceMap
<s> [webpack.Progress] 92% sealing asset processing RealContentHashPlugin 341.2dc5e53c.iframe.bundle.js generate SourceMap
<s> [webpack.Progress] 92% sealing asset processing RealContentHashPlugin 341.2dc5e53c.iframe.bundle.js generated SourceMap
<s> [webpack.Progress] 92% sealing asset processing RealContentHashPlugin 729.635e5bfa.iframe.bundle.js generate SourceMap
<s> [webpack.Progress] 92% sealing asset processing RealContentHashPlugin 729.635e5bfa.iframe.bundle.js generated SourceMap
<s> [webpack.Progress] 92% sealing asset processing RealContentHashPlugin 797.d7398fcb.iframe.bundle.js generate SourceMap
<s> [webpack.Progress] 92% sealing asset processing RealContentHashPlugin 797.d7398fcb.iframe.bundle.js generated SourceMap
<s> [webpack.Progress] 92% sealing asset processing RealContentHashPlugin 607.d9e8d1a1.iframe.bundle.js generate SourceMap
<s> [webpack.Progress] 92% sealing asset processing RealContentHashPlugin 607.d9e8d1a1.iframe.bundle.js generated SourceMap
<s> [webpack.Progress] 92% sealing asset processing RealContentHashPlugin resolve sources
<s> [webpack.Progress] 92% sealing asset processing RealContentHashPlugin
<s> [webpack.Progress] 92% sealing asset processing
<s> [webpack.Progress] 93% sealing after asset optimization
<s> [webpack.Progress] 93% sealing after asset optimization
<s> [webpack.Progress] 93% sealing recording
<s> [webpack.Progress] 93% sealing recording
<s> [webpack.Progress] 94% sealing after seal
<s> [webpack.Progress] 94% sealing after seal
<s> [webpack.Progress] 95% emitting emit
<s> [webpack.Progress] 95% emitting emit
<s> [webpack.Progress] 98% emitting after emit
<s> [webpack.Progress] 98% emitting after emit SizeLimitsPlugin
<s> [webpack.Progress] 98% emitting after emit
<s> [webpack.Progress] 99% done plugins
<s> [webpack.Progress] 99% done plugins CaseSensitivePathsPlugin
<s> [webpack.Progress] 99% done plugins
<s> [webpack.Progress] 99% 

<s> [webpack.Progress] 99% cache store build dependencies
<s> [webpack.Progress] 99% cache store build dependencies
<s> [webpack.Progress] 99% cache begin idle
<s> [webpack.Progress] 99% cache begin idle
<s> [webpack.Progress] 100% 

WARN Module Warning (from ./node_modules/postcss-loader/dist/cjs.js):
WARN Warning
WARN 
WARN (2593:3) autoprefixer: start value has mixed support, consider using flex-start instead
WARN Module Warning (from ./node_modules/postcss-loader/dist/cjs.js):
WARN Warning
WARN 
WARN (2791:3) autoprefixer: start value has mixed support, consider using flex-start instead
WARN Module Warning (from ./node_modules/postcss-loader/dist/cjs.js):
WARN Warning
WARN 
WARN (1:1511) autoprefixer: start value has mixed support, consider using flex-start instead
WARN Module Warning (from ./node_modules/postcss-loader/dist/cjs.js):
WARN Warning
WARN 
WARN (1:71050) autoprefixer: start value has mixed support, consider using flex-start instead
WARN Module Warning (from ./node_modules/postcss-loader/dist/cjs.js):
WARN Warning
WARN 
WARN (1:74238) autoprefixer: start value has mixed support, consider using flex-start instead
WARN [eslint] 
WARN src\stories\base\Accordion.jsx
WARN   Line 1:38:    'useRef' is defined but never used                                                                                                                                                                                                                                                                                                                                 no-unused-vars
WARN   Line 2:8:     'PropTypes' is defined but never used                                                                                                                                                                                                                                                                                                                              no-unused-vars
WARN   Line 2:21:    'func' is defined but never used                                                                                                                                                                                                                                                                                                                                   no-unused-vars
WARN   Line 76:17:   Expected '===' and instead saw '=='                                                                                                                                                                                                                                                                                                                                eqeqeq
WARN   Line 133:25:  Expected '===' and instead saw '=='                                                                                                                                                                                                                                                                                                                                eqeqeq
WARN   Line 139:5:   React Hook useEffect has a missing dependency: 'data.length'. Either include it or remove the dependency array                                                                                                                                                                                                                                                     react-hooks/exhaustive-deps
WARN   Line 289:17:  The href attribute requires a valid value to be accessible. Provide a valid, navigable address as the href value. If you cannot provide a valid href, but still need the element to resemble a link, use a button and change it with appropriate styles. Learn more: https://github.com/jsx-eslint/eslint-plugin-jsx-a11y/blob/HEAD/docs/rules/anchor-is-valid.md  jsx-a11y/anchor-is-valid
WARN   Line 289:25:  Script URL is a form of eval                                                                                                                                                                                                                                                                                                                                       no-script-url
WARN   Line 290:44:  Expected '===' and instead saw '=='                                                                                                                                                                                                                                                                                                                                eqeqeq
WARN   Line 291:48:  Expected '===' and instead saw '=='                                                                                                                                                                                                                                                                                                                                eqeqeq
WARN   Line 292:45:  Expected '===' and instead saw '=='                                                                                                                                                                                                                                                                                                                                eqeqeq
WARN   Line 301:32:  Expected '===' and instead saw '=='                                                                                                                                                                                                                                                                                                                                eqeqeq
WARN   Line 334:17:  The href attribute requires a valid value to be accessible. Provide a valid, navigable address as the href value. If you cannot provide a valid href, but still need the element to resemble a link, use a button and change it with appropriate styles. Learn more: https://github.com/jsx-eslint/eslint-plugin-jsx-a11y/blob/HEAD/docs/rules/anchor-is-valid.md  jsx-a11y/anchor-is-valid
WARN   Line 334:25:  Script URL is a form of eval                                                                                                                                                                                                                                                                                                                                       no-script-url
WARN   Line 335:44:  Expected '===' and instead saw '=='                                                                                                                                                                                                                                                                                                                                eqeqeq
WARN   Line 336:48:  Expected '===' and instead saw '=='                                                                                                                                                                                                                                                                                                                                eqeqeq
WARN   Line 337:45:  Expected '===' and instead saw '=='                                                                                                                                                                                                                                                                                                                                eqeqeq
WARN   Line 347:32:  Expected '===' and instead saw '=='                                                                                                                                                                                                                                                                                                                                eqeqeq
WARN   Line 379:17:  The href attribute requires a valid value to be accessible. Provide a valid, navigable address as the href value. If you cannot provide a valid href, but still need the element to resemble a link, use a button and change it with appropriate styles. Learn more: https://github.com/jsx-eslint/eslint-plugin-jsx-a11y/blob/HEAD/docs/rules/anchor-is-valid.md  jsx-a11y/anchor-is-valid
WARN   Line 379:25:  Script URL is a form of eval                                                                                                                                                                                                                                                                                                                                       no-script-url
WARN   Line 422:17:  The href attribute requires a valid value to be accessible. Provide a valid, navigable address as the href value. If you cannot provide a valid href, but still need the element to resemble a link, use a button and change it with appropriate styles. Learn more: https://github.com/jsx-eslint/eslint-plugin-jsx-a11y/blob/HEAD/docs/rules/anchor-is-valid.md  jsx-a11y/anchor-is-valid
WARN   Line 422:25:  Script URL is a form of eval                                                                                                                                                                                                                                                                                                                                       no-script-url
WARN   Line 423:44:  Expected '===' and instead saw '=='                                                                                                                                                                                                                                                                                                                                eqeqeq
WARN   Line 424:48:  Expected '===' and instead saw '=='                                                                                                                                                                                                                                                                                                                                eqeqeq
WARN   Line 425:45:  Expected '===' and instead saw '=='                                                                                                                                                                                                                                                                                                                                eqeqeq
WARN   Line 432:32:  Expected '===' and instead saw '=='                                                                                                                                                                                                                                                                                                                                eqeqeq
WARN   Line 464:17:  The href attribute requires a valid value to be accessible. Provide a valid, navigable address as the href value. If you cannot provide a valid href, but still need the element to resemble a link, use a button and change it with appropriate styles. Learn more: https://github.com/jsx-eslint/eslint-plugin-jsx-a11y/blob/HEAD/docs/rules/anchor-is-valid.md  jsx-a11y/anchor-is-valid
WARN   Line 464:25:  Script URL is a form of eval                                                                                                                                                                                                                                                                                                                                       no-script-url
WARN   Line 465:44:  Expected '===' and instead saw '=='                                                                                                                                                                                                                                                                                                                                eqeqeq
WARN   Line 466:48:  Expected '===' and instead saw '=='                                                                                                                                                                                                                                                                                                                                eqeqeq
WARN   Line 467:45:  Expected '===' and instead saw '=='                                                                                                                                                                                                                                                                                                                                eqeqeq
WARN   Line 474:32:  Expected '===' and instead saw '=='                                                                                                                                                                                                                                                                                                                                eqeqeq
WARN   Line 527:17:  The href attribute requires a valid value to be accessible. Provide a valid, navigable address as the href value. If you cannot provide a valid href, but still need the element to resemble a link, use a button and change it with appropriate styles. Learn more: https://github.com/jsx-eslint/eslint-plugin-jsx-a11y/blob/HEAD/docs/rules/anchor-is-valid.md  jsx-a11y/anchor-is-valid
WARN   Line 527:25:  Script URL is a form of eval                                                                                                                                                                                                                                                                                                                                       no-script-url
WARN   Line 528:44:  Expected '===' and instead saw '=='                                                                                                                                                                                                                                                                                                                                eqeqeq
WARN   Line 529:48:  Expected '===' and instead saw '=='                                                                                                                                                                                                                                                                                                                                eqeqeq
WARN   Line 530:45:  Expected '===' and instead saw '=='                                                                                                                                                                                                                                                                                                                                eqeqeq
WARN   Line 537:32:  Expected '===' and instead saw '=='                                                                                                                                                                                                                                                                                                                                eqeqeq
WARN   Line 595:17:  The href attribute requires a valid value to be accessible. Provide a valid, navigable address as the href value. If you cannot provide a valid href, but still need the element to resemble a link, use a button and change it with appropriate styles. Learn more: https://github.com/jsx-eslint/eslint-plugin-jsx-a11y/blob/HEAD/docs/rules/anchor-is-valid.md  jsx-a11y/anchor-is-valid
WARN   Line 595:25:  Script URL is a form of eval                                                                                                                                                                                                                                                                                                                                       no-script-url
WARN   Line 596:44:  Expected '===' and instead saw '=='                                                                                                                                                                                                                                                                                                                                eqeqeq
WARN   Line 597:48:  Expected '===' and instead saw '=='                                                                                                                                                                                                                                                                                                                                eqeqeq
WARN   Line 598:45:  Expected '===' and instead saw '=='                                                                                                                                                                                                                                                                                                                                eqeqeq
WARN   Line 607:30:  Expected '===' and instead saw '=='                                                                                                                                                                                                                                                                                                                                eqeqeq
WARN   Line 610:44:  Expected '===' and instead saw '=='                                                                                                                                                                                                                                                                                                                                eqeqeq
WARN   Line 611:46:  Expected '===' and instead saw '=='                                                                                                                                                                                                                                                                                                                                eqeqeq
WARN   Line 669:17:  The href attribute requires a valid value to be accessible. Provide a valid, navigable address as the href value. If you cannot provide a valid href, but still need the element to resemble a link, use a button and change it with appropriate styles. Learn more: https://github.com/jsx-eslint/eslint-plugin-jsx-a11y/blob/HEAD/docs/rules/anchor-is-valid.md  jsx-a11y/anchor-is-valid
WARN   Line 669:25:  Script URL is a form of eval                                                                                                                                                                                                                                                                                                                                       no-script-url
WARN   Line 731:17:  The href attribute requires a valid value to be accessible. Provide a valid, navigable address as the href value. If you cannot provide a valid href, but still need the element to resemble a link, use a button and change it with appropriate styles. Learn more: https://github.com/jsx-eslint/eslint-plugin-jsx-a11y/blob/HEAD/docs/rules/anchor-is-valid.md  jsx-a11y/anchor-is-valid
WARN   Line 731:25:  Script URL is a form of eval                                                                                                                                                                                                                                                                                                                                       no-script-url
WARN   Line 732:50:  Expected '===' and instead saw '=='                                                                                                                                                                                                                                                                                                                                eqeqeq
WARN   Line 733:54:  Expected '===' and instead saw '=='                                                                                                                                                                                                                                                                                                                                eqeqeq
WARN   Line 734:51:  Expected '===' and instead saw '=='                                                                                                                                                                                                                                                                                                                                eqeqeq
WARN   Line 743:36:  Expected '===' and instead saw '=='                                                                                                                                                                                                                                                                                                                                eqeqeq
WARN 
WARN src\stories\base\Button.jsx
WARN   Line 58:114:  aria-role: This attribute is an invalid ARIA attribute  jsx-a11y/aria-props
WARN   Line 59:124:  aria-role: This attribute is an invalid ARIA attribute  jsx-a11y/aria-props
WARN   Line 60:128:  aria-role: This attribute is an invalid ARIA attribute  jsx-a11y/aria-props
WARN 
WARN src\stories\base\CheckBox.jsx
WARN   Line 2:8:  'PropTypes' is defined but never used  no-unused-vars
WARN 
WARN src\stories\base\InputBox.jsx
WARN   Line 21:8:   'resInputBtn' is assigned a value but never used  no-unused-vars
WARN   Line 41:18:  Expected '===' and instead saw '=='               eqeqeq
WARN   Line 48:13:  'inputChange' is already defined                  no-redeclare
WARN   Line 57:21:  Expected '===' and instead saw '=='               eqeqeq
WARN   Line 62:21:  Expected '!==' and instead saw '!='               eqeqeq
WARN   Line 81:13:  Expected '===' and instead saw '=='               eqeqeq
WARN   Line 85:16:  Expected '===' and instead saw '=='               eqeqeq
WARN   Line 86:16:  Expected '===' and instead saw '=='               eqeqeq
WARN   Line 89:25:  Expected '===' and instead saw '=='               eqeqeq
WARN   Line 90:25:  Expected '===' and instead saw '=='               eqeqeq
WARN   Line 99:3:   Expected a default case                           default-case
WARN 
WARN src\stories\base\Popup.jsx
WARN   Line 2:8:     'PropTypes' is defined but never used                                                                                                                                                                                                                                                                                                                              no-unused-vars
WARN   Line 36:15:   Expected '===' and instead saw '=='                                                                                                                                                                                                                                                                                                                                eqeqeq
WARN   Line 48:20:   Expected '===' and instead saw '=='                                                                                                                                                                                                                                                                                                                                eqeqeq
WARN   Line 56:8:    'dirType' is assigned a value but never used                                                                                                                                                                                                                                                                                                                       no-unused-vars
WARN   Line 56:17:   'setDirType' is assigned a value but never used                                                                                                                                                                                                                                                                                                                    no-unused-vars
WARN   Line 59:3:    Expected a default case                                                                                                                                                                                                                                                                                                                                            default-case
WARN   Line 76:17:   Expected '===' and instead saw '=='                                                                                                                                                                                                                                                                                                                                eqeqeq
WARN   Line 85:17:   Expected '===' and instead saw '=='                                                                                                                                                                                                                                                                                                                                eqeqeq
WARN   Line 88:22:   Expected '===' and instead saw '=='                                                                                                                                                                                                                                                                                                                                eqeqeq
WARN   Line 108:17:  Expected '===' and instead saw '=='                                                                                                                                                                                                                                                                                                                                eqeqeq
WARN   Line 117:17:  Expected '===' and instead saw '=='                                                                                                                                                                                                                                                                                                                                eqeqeq
WARN   Line 120:22:  Expected '===' and instead saw '=='                                                                                                                                                                                                                                                                                                                                eqeqeq
WARN   Line 140:17:  Expected '===' and instead saw '=='                                                                                                                                                                                                                                                                                                                                eqeqeq
WARN   Line 149:17:  Expected '===' and instead saw '=='                                                                                                                                                                                                                                                                                                                                eqeqeq
WARN   Line 152:22:  Expected '===' and instead saw '=='                                                                                                                                                                                                                                                                                                                                eqeqeq
WARN   Line 172:19:  Expected '===' and instead saw '=='                                                                                                                                                                                                                                                                                                                                eqeqeq
WARN   Line 181:19:  Expected '===' and instead saw '=='                                                                                                                                                                                                                                                                                                                                eqeqeq
WARN   Line 184:24:  Expected '===' and instead saw '=='                                                                                                                                                                                                                                                                                                                                eqeqeq
WARN   Line 202:21:  Expected '===' and instead saw '=='                                                                                                                                                                                                                                                                                                                                eqeqeq
WARN   Line 211:21:  Expected '===' and instead saw '=='                                                                                                                                                                                                                                                                                                                                eqeqeq
WARN   Line 214:26:  Expected '===' and instead saw '=='                                                                                                                                                                                                                                                                                                                                eqeqeq
WARN   Line 236:17:  Expected '===' and instead saw '=='                                                                                                                                                                                                                                                                                                                                eqeqeq
WARN   Line 244:27:  Expected '===' and instead saw '=='                                                                                                                                                                                                                                                                                                                                eqeqeq
WARN   Line 245:27:  Expected '===' and instead saw '=='                                                                                                                                                                                                                                                                                                                                eqeqeq
WARN   Line 248:11:  The href attribute requires a valid value to be accessible. Provide a valid, navigable address as the href value. If you cannot provide a valid href, but still need the element to resemble a link, use a button and change it with appropriate styles. Learn more: https://github.com/jsx-eslint/eslint-plugin-jsx-a11y/blob/HEAD/docs/rules/anchor-is-valid.md  jsx-a11y/anchor-is-valid
WARN   Line 248:19:  Script URL is a form of eval                                                                                                                                                                                                                                                                                                                                       no-script-url
WARN   Line 260:28:  Expected '===' and instead saw '=='                                                                                                                                                                                                                                                                                                                                eqeqeq
WARN   Line 278:5:   The href attribute requires a valid value to be accessible. Provide a valid, navigable address as the href value. If you cannot provide a valid href, but still need the element to resemble a link, use a button and change it with appropriate styles. Learn more: https://github.com/jsx-eslint/eslint-plugin-jsx-a11y/blob/HEAD/docs/rules/anchor-is-valid.md  jsx-a11y/anchor-is-valid
WARN   Line 288:28:  Expected '===' and instead saw '=='                                                                                                                                                                                                                                                                                                                                eqeqeq
WARN   Line 295:28:  Expected '===' and instead saw '=='                                                                                                                                                                                                                                                                                                                                eqeqeq
WARN   Line 311:7:   The href attribute requires a valid value to be accessible. Provide a valid, navigable address as the href value. If you cannot provide a valid href, but still need the element to resemble a link, use a button and change it with appropriate styles. Learn more: https://github.com/jsx-eslint/eslint-plugin-jsx-a11y/blob/HEAD/docs/rules/anchor-is-valid.md  jsx-a11y/anchor-is-valid
WARN   Line 311:15:  Script URL is a form of eval                                                                                                                                                                                                                                                                                                                                       no-script-url
WARN 
WARN src\stories\base\Rdochk.jsx
WARN   Line 2:8:    'PropTypes' is defined but never used  no-unused-vars
WARN   Line 26:3:   Expected a default case                default-case
WARN   Line 36:28:  Expected '===' and instead saw '=='    eqeqeq
WARN 
WARN src\stories\base\Select.jsx
WARN   Line 331:23:  The href attribute requires a valid value to be accessible. Provide a valid, navigable address as the href value. If you cannot provide a valid href, but still need the element to resemble a link, use a button and change it with appropriate styles. Learn more: https://github.com/jsx-eslint/eslint-plugin-jsx-a11y/blob/HEAD/docs/rules/anchor-is-valid.md  jsx-a11y/anchor-is-valid
WARN   Line 331:31:  Script URL is a form of eval                                                                                                                                                                                                                                                                                                                                       no-script-url
WARN 
WARN src\stories\base\Swiper.jsx
WARN   Line 1:17:    'useEffect' is defined but never used                                                                                                                                                                                                                                                                                                                                     no-unused-vars
WARN   Line 1:38:    'useRef' is defined but never used                                                                                                                                                                                                                                                                                                                                        no-unused-vars
WARN   Line 2:8:     'PropTypes' is defined but never used                                                                                                                                                                                                                                                                                                                                     no-unused-vars
WARN   Line 3:8:     'SwiperCore' is defined but never used                                                                                                                                                                                                                                                                                                                                    no-unused-vars
WARN   Line 23:9:    'NavState' is assigned a value but never used                                                                                                                                                                                                                                                                                                                             no-unused-vars
WARN   Line 52:3:    Expected a default case                                                                                                                                                                                                                                                                                                                                                   default-case
WARN   Line 89:19:   The href attribute is required for an anchor to be keyboard accessible. Provide a valid, navigable address as the href value. If you cannot provide an href, but still need the element to resemble a link, use a button and change it with appropriate styles. Learn more: https://github.com/jsx-eslint/eslint-plugin-jsx-a11y/blob/HEAD/docs/rules/anchor-is-valid.md  jsx-a11y/anchor-is-valid
WARN   Line 128:19:  The href attribute is required for an anchor to be keyboard accessible. Provide a valid, navigable address as the href value. If you cannot provide an href, but still need the element to resemble a link, use a button and change it with appropriate styles. Learn more: https://github.com/jsx-eslint/eslint-plugin-jsx-a11y/blob/HEAD/docs/rules/anchor-is-valid.md  jsx-a11y/anchor-is-valid
WARN 
WARN src\stories\base\TabMenu.jsx
WARN   Line 1:38:    'useRef' is defined but never used                                                                                                                                                                                                                                                                                                                                 no-unused-vars
WARN   Line 2:21:    'func' is defined but never used                                                                                                                                                                                                                                                                                                                                   no-unused-vars
WARN   Line 23:27:   Expected '===' and instead saw '=='                                                                                                                                                                                                                                                                                                                                eqeqeq
WARN   Line 24:25:   Expected '===' and instead saw '=='                                                                                                                                                                                                                                                                                                                                eqeqeq
WARN   Line 67:3:    Expected a default case                                                                                                                                                                                                                                                                                                                                            default-case
WARN   Line 135:39:  The href attribute requires a valid value to be accessible. Provide a valid, navigable address as the href value. If you cannot provide a valid href, but still need the element to resemble a link, use a button and change it with appropriate styles. Learn more: https://github.com/jsx-eslint/eslint-plugin-jsx-a11y/blob/HEAD/docs/rules/anchor-is-valid.md  jsx-a11y/anchor-is-valid
WARN   Line 135:47:  Script URL is a form of eval                                                                                                                                                                                                                                                                                                                                       no-script-url
WARN   Line 136:28:  The href attribute requires a valid value to be accessible. Provide a valid, navigable address as the href value. If you cannot provide a valid href, but still need the element to resemble a link, use a button and change it with appropriate styles. Learn more: https://github.com/jsx-eslint/eslint-plugin-jsx-a11y/blob/HEAD/docs/rules/anchor-is-valid.md  jsx-a11y/anchor-is-valid
WARN   Line 136:36:  Script URL is a form of eval                                                                                                                                                                                                                                                                                                                                       no-script-url
WARN   Line 137:28:  The href attribute requires a valid value to be accessible. Provide a valid, navigable address as the href value. If you cannot provide a valid href, but still need the element to resemble a link, use a button and change it with appropriate styles. Learn more: https://github.com/jsx-eslint/eslint-plugin-jsx-a11y/blob/HEAD/docs/rules/anchor-is-valid.md  jsx-a11y/anchor-is-valid
WARN   Line 137:36:  Script URL is a form of eval                                                                                                                                                                                                                                                                                                                                       no-script-url
WARN   Line 138:28:  The href attribute requires a valid value to be accessible. Provide a valid, navigable address as the href value. If you cannot provide a valid href, but still need the element to resemble a link, use a button and change it with appropriate styles. Learn more: https://github.com/jsx-eslint/eslint-plugin-jsx-a11y/blob/HEAD/docs/rules/anchor-is-valid.md  jsx-a11y/anchor-is-valid
WARN   Line 138:36:  Script URL is a form of eval                                                                                                                                                                                                                                                                                                                                       no-script-url
WARN   Line 139:28:  The href attribute requires a valid value to be accessible. Provide a valid, navigable address as the href value. If you cannot provide a valid href, but still need the element to resemble a link, use a button and change it with appropriate styles. Learn more: https://github.com/jsx-eslint/eslint-plugin-jsx-a11y/blob/HEAD/docs/rules/anchor-is-valid.md  jsx-a11y/anchor-is-valid
WARN   Line 139:36:  Script URL is a form of eval                                                                                                                                                                                                                                                                                                                                       no-script-url
WARN   Line 140:28:  The href attribute requires a valid value to be accessible. Provide a valid, navigable address as the href value. If you cannot provide a valid href, but still need the element to resemble a link, use a button and change it with appropriate styles. Learn more: https://github.com/jsx-eslint/eslint-plugin-jsx-a11y/blob/HEAD/docs/rules/anchor-is-valid.md  jsx-a11y/anchor-is-valid
WARN   Line 140:36:  Script URL is a form of eval                                                                                                                                                                                                                                                                                                                                       no-script-url
WARN   Line 141:28:  The href attribute requires a valid value to be accessible. Provide a valid, navigable address as the href value. If you cannot provide a valid href, but still need the element to resemble a link, use a button and change it with appropriate styles. Learn more: https://github.com/jsx-eslint/eslint-plugin-jsx-a11y/blob/HEAD/docs/rules/anchor-is-valid.md  jsx-a11y/anchor-is-valid
WARN   Line 141:36:  Script URL is a form of eval                                                                                                                                                                                                                                                                                                                                       no-script-url
WARN   Line 142:28:  The href attribute requires a valid value to be accessible. Provide a valid, navigable address as the href value. If you cannot provide a valid href, but still need the element to resemble a link, use a button and change it with appropriate styles. Learn more: https://github.com/jsx-eslint/eslint-plugin-jsx-a11y/blob/HEAD/docs/rules/anchor-is-valid.md  jsx-a11y/anchor-is-valid
WARN   Line 142:36:  Script URL is a form of eval                                                                                                                                                                                                                                                                                                                                       no-script-url
WARN   Line 143:28:  The href attribute requires a valid value to be accessible. Provide a valid, navigable address as the href value. If you cannot provide a valid href, but still need the element to resemble a link, use a button and change it with appropriate styles. Learn more: https://github.com/jsx-eslint/eslint-plugin-jsx-a11y/blob/HEAD/docs/rules/anchor-is-valid.md  jsx-a11y/anchor-is-valid
WARN   Line 143:36:  Script URL is a form of eval                                                                                                                                                                                                                                                                                                                                       no-script-url
WARN   Line 144:28:  The href attribute requires a valid value to be accessible. Provide a valid, navigable address as the href value. If you cannot provide a valid href, but still need the element to resemble a link, use a button and change it with appropriate styles. Learn more: https://github.com/jsx-eslint/eslint-plugin-jsx-a11y/blob/HEAD/docs/rules/anchor-is-valid.md  jsx-a11y/anchor-is-valid
WARN   Line 144:36:  Script URL is a form of eval                                                                                                                                                                                                                                                                                                                                       no-script-url
WARN   Line 205:15:  The href attribute requires a valid value to be accessible. Provide a valid, navigable address as the href value. If you cannot provide a valid href, but still need the element to resemble a link, use a button and change it with appropriate styles. Learn more: https://github.com/jsx-eslint/eslint-plugin-jsx-a11y/blob/HEAD/docs/rules/anchor-is-valid.md  jsx-a11y/anchor-is-valid
WARN   Line 205:23:  Script URL is a form of eval                                                                                                                                                                                                                                                                                                                                       no-script-url
WARN   Line 231:5:   React Hook useEffect has a missing dependency: 'props'. Either include it or remove the dependency array. However, 'props' will change when *any* prop changes, so the preferred fix is to destructure the 'props' object outside of the useEffect call and refer to those specific props inside useEffect                                                         react-hooks/exhaustive-deps
WARN   Line 239:15:  The href attribute requires a valid value to be accessible. Provide a valid, navigable address as the href value. If you cannot provide a valid href, but still need the element to resemble a link, use a button and change it with appropriate styles. Learn more: https://github.com/jsx-eslint/eslint-plugin-jsx-a11y/blob/HEAD/docs/rules/anchor-is-valid.md  jsx-a11y/anchor-is-valid
WARN   Line 239:23:  Script URL is a form of eval                                                                                                                                                                                                                                                                                                                                       no-script-url
WARN   Line 272:15:  The href attribute requires a valid value to be accessible. Provide a valid, navigable address as the href value. If you cannot provide a valid href, but still need the element to resemble a link, use a button and change it with appropriate styles. Learn more: https://github.com/jsx-eslint/eslint-plugin-jsx-a11y/blob/HEAD/docs/rules/anchor-is-valid.md  jsx-a11y/anchor-is-valid
WARN   Line 272:23:  Script URL is a form of eval                                                                                                                                                                                                                                                                                                                                       no-script-url
WARN 
WARN src\stories\base\Tbl.jsx
WARN   Line 1:38:  'useRef' is defined but never used                                                                             no-unused-vars
WARN   Line 2:8:   'PropTypes' is defined but never used                                                                          no-unused-vars
WARN   Line 22:6:  React Hook useEffect has a missing dependency: 'obj.header'. Either include it or remove the dependency array  react-hooks/exhaustive-deps
WARN   Line 25:3:  Expected a default case                                                                                        default-case
WARN 
WARN src\stories\base\Title.jsx
WARN   Line 2:8:    'PropTypes' is defined but never used                                                                                                                                                                                                                                                                                                                              no-unused-vars
WARN   Line 19:3:   Expected a default case                                                                                                                                                                                                                                                                                                                                            default-case
WARN   Line 56:15:  The href attribute requires a valid value to be accessible. Provide a valid, navigable address as the href value. If you cannot provide a valid href, but still need the element to resemble a link, use a button and change it with appropriate styles. Learn more: https://github.com/jsx-eslint/eslint-plugin-jsx-a11y/blob/HEAD/docs/rules/anchor-is-valid.md  jsx-a11y/anchor-is-valid
WARN   Line 57:15:  The href attribute requires a valid value to be accessible. Provide a valid, navigable address as the href value. If you cannot provide a valid href, but still need the element to resemble a link, use a button and change it with appropriate styles. Learn more: https://github.com/jsx-eslint/eslint-plugin-jsx-a11y/blob/HEAD/docs/rules/anchor-is-valid.md  jsx-a11y/anchor-is-valid
WARN   Line 57:66:  The value for aria-disabled must be a boolean                                                                                                                                                                                                                                                                                                                      jsx-a11y/aria-proptypes
WARN   Line 66:13:  The href attribute requires a valid value to be accessible. Provide a valid, navigable address as the href value. If you cannot provide a valid href, but still need the element to resemble a link, use a button and change it with appropriate styles. Learn more: https://github.com/jsx-eslint/eslint-plugin-jsx-a11y/blob/HEAD/docs/rules/anchor-is-valid.md  jsx-a11y/anchor-is-valid
WARN   Line 67:13:  The href attribute requires a valid value to be accessible. Provide a valid, navigable address as the href value. If you cannot provide a valid href, but still need the element to resemble a link, use a button and change it with appropriate styles. Learn more: https://github.com/jsx-eslint/eslint-plugin-jsx-a11y/blob/HEAD/docs/rules/anchor-is-valid.md  jsx-a11y/anchor-is-valid
WARN   Line 67:65:  The value for aria-disabled must be a boolean                                                                                                                                                                                                                                                                                                                      jsx-a11y/aria-proptypes
WARN 
WARN src\stories\base\Tooltip.jsx
WARN   Line 51:5:    React Hook useEffect has a missing dependency: 'postion'. Either include it or remove the dependency array                                                                                                                                                                                                                                                         react-hooks/exhaustive-deps
WARN   Line 55:22:   Expected '===' and instead saw '=='                                                                                                                                                                                                                                                                                                                                eqeqeq
WARN   Line 72:3:    Expected a default case                                                                                                                                                                                                                                                                                                                                            default-case
WARN   Line 79:11:   The href attribute requires a valid value to be accessible. Provide a valid, navigable address as the href value. If you cannot provide a valid href, but still need the element to resemble a link, use a button and change it with appropriate styles. Learn more: https://github.com/jsx-eslint/eslint-plugin-jsx-a11y/blob/HEAD/docs/rules/anchor-is-valid.md  jsx-a11y/anchor-is-valid
WARN   Line 79:39:   Script URL is a form of eval                                                                                                                                                                                                                                                                                                                                       no-script-url
WARN   Line 81:19:   Expected '===' and instead saw '=='                                                                                                                                                                                                                                                                                                                                eqeqeq
WARN   Line 99:24:   Expected '===' and instead saw '=='                                                                                                                                                                                                                                                                                                                                eqeqeq
WARN   Line 126:19:  Expected '===' and instead saw '=='                                                                                                                                                                                                                                                                                                                                eqeqeq
WARN   Line 128:20:  Expected '===' and instead saw '=='                                                                                                                                                                                                                                                                                                                                eqeqeq
WARN   Line 135:25:  Expected '===' and instead saw '=='                                                                                                                                                                                                                                                                                                                                eqeqeq
WARN   Line 142:25:  Expected '===' and instead saw '=='                                                                                                                                                                                                                                                                                                                                eqeqeq
WARN   Line 149:25:  Expected '===' and instead saw '=='                                                                                                                                                                                                                                                                                                                                eqeqeq
WARN   Line 163:17:  Expected '===' and instead saw '=='                                                                                                                                                                                                                                                                                                                                eqeqeq
WARN   Line 178:9:   The href attribute requires a valid value to be accessible. Provide a valid, navigable address as the href value. If you cannot provide a valid href, but still need the element to resemble a link, use a button and change it with appropriate styles. Learn more: https://github.com/jsx-eslint/eslint-plugin-jsx-a11y/blob/HEAD/docs/rules/anchor-is-valid.md  jsx-a11y/anchor-is-valid
WARN   Line 178:17:  Script URL is a form of eval                                                                                                                                                                                                                                                                                                                                       no-script-url
WARN 
WARN 
WARN asset size limit: The following asset(s) exceed the recommended size limit (244 KiB).
WARN This can impact web performance.
WARN Assets: 
WARN   03d91ea36a624e316afc.woff (1.17 MiB)
WARN   bf528188583663532a80.otf (2.14 MiB)
WARN   ecf7c76ba0b6bb45527f.woff (1.23 MiB)
WARN   6a30564cbf88a461ba2b.otf (2.12 MiB)
WARN   cdc21ec1a4fa0f11ecf0.woff (1.29 MiB)
WARN   d70da461aee08ea5e329.otf (2.23 MiB)
WARN   76857d47348d8e00ee05.svg (834 KiB)
WARN   426.d4d21ab3.iframe.bundle.js (581 KiB)
WARN   132.fd6969db.iframe.bundle.js (954 KiB)
WARN   350.d0e5cc3a.iframe.bundle.js (717 KiB)
WARN entrypoint size limit: The following entrypoint(s) combined asset size exceeds the recommended limit (244 KiB). This can impact web performance.
WARN Entrypoints:
WARN   main (971 KiB)
WARN       runtime~main.cdc02bf5.iframe.bundle.js
WARN       132.fd6969db.iframe.bundle.js
WARN       main.7af38d13.iframe.bundle.js
WARN 
<s> [webpack.Progress] 99% cache shutdown
<s> [webpack.Progress] 99% cache shutdown
<s> [webpack.Progress] 100% 

info => Preview built (11 s)
info => Output directory: C:\Users\dnd001\AppData\Local\Temp\chromatic--18356-ctcK84SgFbK6
